<?xml version="1.0" encoding="UTF-8"?>
<!-- Generated by org.testng.reporters.JUnitXMLReporter -->
<testsuite ignored="1" hostname="InTNB072" failures="0" tests="2" name="Open Cart" time="15.354" errors="0" timestamp="2024-03-24T21:34:08 CET">
  <testcase classname="testCases.TC_001_AccountRegistrationTest" name="testAccountRegistration" time="2.93"/>
  <testcase classname="testCases.TC_002_LoginTest" name="loginTest" time="1.548"/>
  <testcase classname="testCases.TC_003_LoginDDT" name="verifyLoginDDT" time="0.0">
    <ignored/>
  </testcase> <!-- verifyLoginDDT -->
</testsuite> <!-- Open Cart -->
